==22000== Memcheck, a memory error detector
==22000== Copyright (C) 2002-2012, and GNU GPL'd, by Julian Seward et al.
==22000== Using Valgrind-3.8.1 and LibVEX; rerun with -h for copyright info
==22000== Command: ./pe04
==22000== Parent PID: 20287
==22000== 
==22000== Stack overflow in thread 1: can't grow stack to 0x7fe601fe8
==22000== 
==22000== Process terminating with default action of signal 11 (SIGSEGV)
==22000==  Access not within mapped region at address 0x7FE601FE8
==22000==    at 0x4007E1: rec_magnitude_long_int_to_string (answer04.c:14)
==22000==  If you believe this happened as a result of a stack
==22000==  overflow in your program's main thread (unlikely but
==22000==  possible), you can try to increase the size of the
==22000==  main thread stack using the --main-stacksize= flag.
==22000==  The main thread stack size used in this run was 10485760.
==22000== Stack overflow in thread 1: can't grow stack to 0x7fe601fb8
==22000== 
==22000== Process terminating with default action of signal 11 (SIGSEGV)
==22000==  Access not within mapped region at address 0x7FE601FB8
==22000==    at 0x4801661: _vgnU_freeres (vg_preloaded.c:58)
==22000==  If you believe this happened as a result of a stack
==22000==  overflow in your program's main thread (unlikely but
==22000==  possible), you can try to increase the size of the
==22000==  main thread stack using the --main-stacksize= flag.
==22000==  The main thread stack size used in this run was 10485760.
==22000== 
==22000== HEAP SUMMARY:
==22000==     in use at exit: 0 bytes in 0 blocks
==22000==   total heap usage: 0 allocs, 0 frees, 0 bytes allocated
==22000== 
==22000== All heap blocks were freed -- no leaks are possible
==22000== 
==22000== For counts of detected and suppressed errors, rerun with: -v
==22000== ERROR SUMMARY: 0 errors from 0 contexts (suppressed: 6 from 6)
